{"total": {"lines":{"total":81,"covered":75,"skipped":0,"pct":92.59},"statements":{"total":83,"covered":77,"skipped":0,"pct":92.77},"functions":{"total":20,"covered":17,"skipped":0,"pct":85},"branches":{"total":20,"covered":19,"skipped":0,"pct":95},"branchesTrue":{"total":0,"covered":0,"skipped":0,"pct":100}}
,"/home/esdras/Trybe/Projects/sd-014-b-project-car-shop/src/controllers/CarController.ts": {"lines":{"total":17,"covered":14,"skipped":0,"pct":82.35},"functions":{"total":5,"covered":4,"skipped":0,"pct":80},"statements":{"total":17,"covered":14,"skipped":0,"pct":82.35},"branches":{"total":2,"covered":2,"skipped":0,"pct":100}}
,"/home/esdras/Trybe/Projects/sd-014-b-project-car-shop/src/controllers/index.ts": {"lines":{"total":2,"covered":2,"skipped":0,"pct":100},"functions":{"total":1,"covered":1,"skipped":0,"pct":100},"statements":{"total":2,"covered":2,"skipped":0,"pct":100},"branches":{"total":0,"covered":0,"skipped":0,"pct":100}}
,"/home/esdras/Trybe/Projects/sd-014-b-project-car-shop/src/models/CarModel.ts": {"lines":{"total":5,"covered":5,"skipped":0,"pct":100},"functions":{"total":1,"covered":1,"skipped":0,"pct":100},"statements":{"total":5,"covered":5,"skipped":0,"pct":100},"branches":{"total":1,"covered":1,"skipped":0,"pct":100}}
,"/home/esdras/Trybe/Projects/sd-014-b-project-car-shop/src/models/MongoModel.ts": {"lines":{"total":10,"covered":8,"skipped":0,"pct":80},"functions":{"total":6,"covered":4,"skipped":0,"pct":66.66},"statements":{"total":12,"covered":10,"skipped":0,"pct":83.33},"branches":{"total":0,"covered":0,"skipped":0,"pct":100}}
,"/home/esdras/Trybe/Projects/sd-014-b-project-car-shop/src/services/CarService.ts": {"lines":{"total":29,"covered":28,"skipped":0,"pct":96.55},"functions":{"total":4,"covered":4,"skipped":0,"pct":100},"statements":{"total":29,"covered":28,"skipped":0,"pct":96.55},"branches":{"total":13,"covered":12,"skipped":0,"pct":92.3}}
,"/home/esdras/Trybe/Projects/sd-014-b-project-car-shop/src/services/index.ts": {"lines":{"total":18,"covered":18,"skipped":0,"pct":100},"functions":{"total":3,"covered":3,"skipped":0,"pct":100},"statements":{"total":18,"covered":18,"skipped":0,"pct":100},"branches":{"total":4,"covered":4,"skipped":0,"pct":100}}
}
