TN:
SF:src/controllers/CarController.ts
FN:9,(anonymous_1)
FN:19,(anonymous_2)
FN:27,(anonymous_3)
FN:33,(anonymous_4)
FN:17,(anonymous_5)
FNF:5
FNH:4
FNDA:1,(anonymous_1)
FNDA:2,(anonymous_2)
FNDA:2,(anonymous_3)
FNDA:2,(anonymous_4)
FNDA:0,(anonymous_5)
DA:2,1
DA:3,1
DA:13,1
DA:14,1
DA:17,0
DA:19,1
DA:20,2
DA:22,2
DA:24,2
DA:27,1
DA:28,2
DA:30,2
DA:33,1
DA:34,2
DA:36,0
DA:38,0
DA:42,1
LF:17
LH:14
BRDA:10,0,0,1
BRDA:11,1,0,1
BRF:2
BRH:2
end_of_record
TN:
SF:src/controllers/index.ts
FN:8,(anonymous_0)
FNF:1
FNH:1
FNDA:1,(anonymous_0)
DA:8,1
DA:17,1
LF:2
LH:2
BRF:0
BRH:0
end_of_record
TN:
SF:src/models/CarModel.ts
FN:20,(anonymous_1)
FNF:1
FNH:1
FNDA:3,(anonymous_1)
DA:1,1
DA:3,1
DA:7,1
DA:21,3
DA:25,1
LF:5
LH:5
BRDA:20,0,0,3
BRF:1
BRH:1
end_of_record
TN:
SF:src/models/MongoModel.ts
FN:5,(anonymous_0)
FN:7,(anonymous_1)
FN:9,(anonymous_2)
FN:11,(anonymous_3)
FN:14,(anonymous_4)
FN:17,(anonymous_5)
FNF:6
FNH:4
FNDA:3,(anonymous_0)
FNDA:2,(anonymous_1)
FNDA:3,(anonymous_2)
FNDA:1,(anonymous_3)
FNDA:0,(anonymous_4)
FNDA:0,(anonymous_5)
DA:5,3
DA:7,3
DA:9,3
DA:11,3
DA:12,1
DA:14,3
DA:15,0
DA:17,3
DA:18,0
DA:21,1
LF:10
LH:8
BRF:0
BRH:0
end_of_record
TN:
SF:src/services/CarService.ts
FN:13,(anonymous_1)
FN:17,(anonymous_2)
FN:38,(anonymous_3)
FN:49,(anonymous_4)
FNF:4
FNH:4
FNDA:2,(anonymous_1)
FNDA:3,(anonymous_2)
FNDA:2,(anonymous_3)
FNDA:3,(anonymous_4)
DA:1,1
DA:2,1
DA:9,1
DA:10,1
DA:14,2
DA:17,2
DA:18,3
DA:19,3
DA:20,3
DA:21,0
DA:25,3
DA:26,1
DA:30,2
DA:31,2
DA:32,1
DA:35,1
DA:38,2
DA:39,2
DA:40,2
DA:41,1
DA:46,1
DA:49,2
DA:51,3
DA:52,1
DA:58,2
DA:59,2
DA:60,1
DA:65,1
DA:69,1
LF:29
LH:28
BRDA:13,0,0,2
BRDA:20,1,0,0
BRDA:20,1,1,3
BRDA:25,2,0,1
BRDA:25,2,1,2
BRDA:31,3,0,1
BRDA:31,3,1,1
BRDA:40,4,0,1
BRDA:40,4,1,1
BRDA:51,5,0,1
BRDA:51,5,1,2
BRDA:59,6,0,1
BRDA:59,6,1,1
BRF:13
BRH:12
end_of_record
TN:
SF:src/services/index.ts
FN:11,(anonymous_0)
FN:18,(anonymous_1)
FN:34,(anonymous_2)
FNF:3
FNH:3
FNDA:1,(anonymous_0)
FNDA:1,(anonymous_1)
FNDA:2,(anonymous_2)
DA:11,1
DA:12,1
DA:13,1
DA:14,1
DA:15,1
DA:18,1
DA:19,1
DA:20,1
DA:21,1
DA:22,1
DA:23,1
DA:24,1
DA:25,1
DA:26,1
DA:30,2
DA:32,2
DA:34,2
DA:48,1
LF:18
LH:18
BRDA:11,0,0,1
BRDA:11,0,1,1
BRDA:18,1,0,1
BRDA:18,1,1,1
BRF:4
BRH:4
end_of_record
